app/build/outputs/logs/manifest-merger-haier-release-report.txt
-- Merging decision tree log ---
meta-data#com.amap.api.v2.apikey
INJECTED from src\main\AndroidManifest.xml:22:9-24:55
	android:value
		INJECTED from src\main\AndroidManifest.xml
		ADDED from src\main\AndroidManifest.xml:24:13-42
	android:name
		ADDED from src\main\AndroidManifest.xml:23:13-50
category#com.hamitao.haierrobot
INJECTED from src\main\AndroidManifest.xml:158:17-61
	android:name
		INJECTED from src\main\AndroidManifest.xml
		ADDED from src\main\AndroidManifest.xml:158:27-58
provider#cn.jpush.android.service.DataProvider
INJECTED from src\main\AndroidManifest.xml:285:9-289:48
MERGED from [cn.jiguang.sdk:jpush:3.1.1] AndroidManifest.xml:113:9-116:40
MERGED from [cn.jiguang.sdk:jpush:3.1.1] AndroidManifest.xml:113:9-116:40
MERGED from [cn.jiguang.sdk:jmessage:2.7.0] AndroidManifest.xml:95:9-98:40
MERGED from [cn.jiguang.sdk:jmessage:2.7.0] AndroidManifest.xml:95:9-98:40
	android:authorities
		INJECTED from src\main\AndroidManifest.xml
		ADDED from src\main\AndroidManifest.xml:287:13-64
	android:exported
		ADDED from src\main\AndroidManifest.xml:288:13-36
		REJECTED from [cn.jiguang.sdk:jpush:3.1.1] AndroidManifest.xml:116:13-37
		REJECTED from [cn.jiguang.sdk:jmessage:2.7.0] AndroidManifest.xml:98:13-37
	tools:replace
		ADDED from src\main\AndroidManifest.xml:289:13-45
	android:name
		ADDED from src\main\AndroidManifest.xml:286:13-65
manifest
ADDED from src\main\AndroidManifest.xml:2:1-297:12
INJECTED from src\main\AndroidManifest.xml:2:1-297:12
INJECTED from src\main\AndroidManifest.xml:2:1-297:12
INJECTED from src\main\AndroidManifest.xml:2:1-297:12
MERGED from [com.aliyun.dpa:oss-android-sdk:2.8.5] AndroidManifest.xml:2:1-22:12
MERGED from [com.android.support:multidex:1.0.2] AndroidManifest.xml:17:1-22:12
MERGED from [:AISpeech] AndroidManifest.xml:2:1-11:12
MERGED from [:cloudminds-activationtool:] AndroidManifest.xml:2:1-11:12
MERGED from [:RequestFrame] AndroidManifest.xml:2:1-11:12
MERGED from [:framework] AndroidManifest.xml:2:1-95:12
MERGED from [com.google.android.exoplayer:exoplayer:2.7.1] AndroidManifest.xml:17:1-25:12
MERGED from [com.zhy:okhttputils:2.6.2] AndroidManifest.xml:2:1-11:12
MERGED from [:authority-release:] AndroidManifest.xml:2:1-19:12
MERGED from [:semantic-release:] AndroidManifest.xml:2:1-19:12
MERGED from [:common-release:] AndroidManifest.xml:2:1-16:12
MERGED from [:sdkhttp:] AndroidManifest.xml:2:1-17:12
MERGED from [com.google.android.exoplayer:exoplayer-dash:2.7.1] AndroidManifest.xml:17:1-25:12
MERGED from [com.google.android.exoplayer:exoplayer-hls:2.7.1] AndroidManifest.xml:17:1-25:12
MERGED from [com.google.android.exoplayer:exoplayer-smoothstreaming:2.7.1] AndroidManifest.xml:17:1-25:12
MERGED from [com.google.android.exoplayer:exoplayer-ui:2.7.1] AndroidManifest.xml:17:1-25:12
MERGED from [com.google.android.exoplayer:exoplayer-core:2.7.1] AndroidManifest.xml:17:1-25:12
MERGED from [com.jakewharton:butterknife:8.5.1] AndroidManifest.xml:2:1-7:12
MERGED from [cn.jiguang.imui:messagelist:0.7.2] AndroidManifest.xml:2:1-16:12
MERGED from [com.android.support:design:27.1.0] AndroidManifest.xml:17:1-22:12
MERGED from [com.android.support:transition:27.1.0] AndroidManifest.xml:17:1-22:12
MERGED from [com.timmy.tdialog:tdialog:1.3.1] AndroidManifest.xml:2:1-11:12
MERGED from [:p2p] AndroidManifest.xml:2:1-11:12
MERGED from [com.android.support:recyclerview-v7:27.1.0] AndroidManifest.xml:17:1-22:12
MERGED from [com.airbnb.android:lottie:1.5.3] AndroidManifest.xml:2:1-12:12
MERGED from [com.android.support:appcompat-v7:27.1.0] AndroidManifest.xml:17:1-22:12
MERGED from [cn.bingoogolapple:bga-adapter:1.1.9] AndroidManifest.xml:2:1-10:12
MERGED from [com.android.databinding:adapters:1.3.1] AndroidManifest.xml:17:1-26:12
MERGED from [com.android.databinding:library:1.3.1] AndroidManifest.xml:17:1-26:12
MERGED from [com.android.support:support-v4:27.1.0] AndroidManifest.xml:17:1-22:12
MERGED from [com.android.support:support-fragment:27.1.0] AndroidManifest.xml:17:1-22:12
MERGED from [com.android.support:animated-vector-drawable:27.1.0] AndroidManifest.xml:17:1-22:12
MERGED from [com.android.support:support-core-ui:27.1.0] AndroidManifest.xml:17:1-22:12
MERGED from [com.android.support:support-core-utils:27.1.0] AndroidManifest.xml:17:1-22:12
MERGED from [com.android.support:support-vector-drawable:27.1.0] AndroidManifest.xml:17:1-22:12
MERGED from [com.android.support:support-media-compat:27.1.0] AndroidManifest.xml:17:1-22:12
MERGED from [com.android.support:support-compat:27.1.0] AndroidManifest.xml:17:1-22:12
MERGED from [net.zetetic:android-database-sqlcipher:3.5.4] AndroidManifest.xml:2:1-4:12
MERGED from [io.reactivex:rxandroid:1.2.0] AndroidManifest.xml:15:1-21:12
MERGED from [pl.droidsonroids.gif:android-gif-drawable:1.2.15] AndroidManifest.xml:2:1-10:12
MERGED from [cn.bingoogolapple:bga-swipebacklayout:1.2.0] AndroidManifest.xml:2:1-9:12
MERGED from [cn.jiguang.sdk:jpush:3.1.1] AndroidManifest.xml:2:1-133:12
MERGED from [cn.jiguang.sdk:jmessage:2.7.0] AndroidManifest.xml:2:1-121:12
MERGED from [cn.jiguang.sdk:jcore:1.1.9] AndroidManifest.xml:2:1-14:12
MERGED from [:ExtVideo] AndroidManifest.xml:2:1-17:12
MERGED from [:livemulti] AndroidManifest.xml:2:1-17:12
MERGED from [android.arch.lifecycle:livedata-core:1.1.0] AndroidManifest.xml:17:1-22:12
MERGED from [android.arch.lifecycle:viewmodel:1.1.0] AndroidManifest.xml:17:1-22:12
MERGED from [android.arch.lifecycle:runtime:1.1.0] AndroidManifest.xml:17:1-22:12
MERGED from [android.arch.core:runtime:1.1.0] AndroidManifest.xml:17:1-22:12
INJECTED from src\main\AndroidManifest.xml:2:1-297:12
INJECTED from src\main\AndroidManifest.xml:2:1-297:12
INJECTED from src\main\AndroidManifest.xml:2:1-297:12
	package
		ADDED from src\main\AndroidManifest.xml:4:5-31
		INJECTED from src\main\AndroidManifest.xml
		INJECTED from src\main\AndroidManifest.xml
	android:versionName
		INJECTED from src\main\AndroidManifest.xml
		ADDED from src\main\AndroidManifest.xml:2:1-297:12
		INJECTED from src\main\AndroidManifest.xml
	xmlns:tools
		ADDED from src\main\AndroidManifest.xml:3:5-51
	android:versionCode
		INJECTED from src\main\AndroidManifest.xml
		ADDED from src\main\AndroidManifest.xml:2:1-297:12
		INJECTED from src\main\AndroidManifest.xml
	xmlns:android
		ADDED from src\main\AndroidManifest.xml:2:11-69
	android:installLocation
		ADDED from src\main\AndroidManifest.xml:5:5-45
uses-permission#android.permission.ACCESS_WIFI_STATE
ADDED from src\main\AndroidManifest.xml:7:5-76
MERGED from [com.aliyun.dpa:oss-android-sdk:2.8.5] AndroidManifest.xml:13:5-76
MERGED from [com.aliyun.dpa:oss-android-sdk:2.8.5] AndroidManifest.xml:13:5-76
MERGED from [:framework] AndroidManifest.xml:14:5-76
MERGED from [:framework] AndroidManifest.xml:14:5-76
MERGED from [:framework] AndroidManifest.xml:71:5-76
MERGED from [:framework] AndroidManifest.xml:71:5-76
MERGED from [:authority-release:] AndroidManifest.xml:11:5-76
MERGED from [:authority-release:] AndroidManifest.xml:11:5-76
MERGED from [cn.jiguang.sdk:jpush:3.1.1] AndroidManifest.xml:27:5-76
MERGED from [cn.jiguang.sdk:jpush:3.1.1] AndroidManifest.xml:27:5-76
MERGED from [cn.jiguang.sdk:jmessage:2.7.0] AndroidManifest.xml:27:5-76
MERGED from [cn.jiguang.sdk:jmessage:2.7.0] AndroidManifest.xml:27:5-76
	android:name
		ADDED from src\main\AndroidManifest.xml:7:22-73
permission#android.permission.WRITE_SECURE_SETTINGS
ADDED from src\main\AndroidManifest.xml:8:5-74
	android:name
		ADDED from src\main\AndroidManifest.xml:8:17-72
application
ADDED from src\main\AndroidManifest.xml:10:5-295:19
MERGED from [com.aliyun.dpa:oss-android-sdk:2.8.5] AndroidManifest.xml:17:5-20:19
MERGED from [com.aliyun.dpa:oss-android-sdk:2.8.5] AndroidManifest.xml:17:5-20:19
MERGED from [:framework] AndroidManifest.xml:89:5-93:19
MERGED from [:framework] AndroidManifest.xml:89:5-93:19
MERGED from [:semantic-release:] AndroidManifest.xml:13:5-17:19
MERGED from [:semantic-release:] AndroidManifest.xml:13:5-17:19
MERGED from [:common-release:] AndroidManifest.xml:11:5-14:38
MERGED from [:common-release:] AndroidManifest.xml:11:5-14:38
MERGED from [:sdkhttp:] AndroidManifest.xml:11:5-15:19
MERGED from [:sdkhttp:] AndroidManifest.xml:11:5-15:19
MERGED from [cn.jiguang.imui:messagelist:0.7.2] AndroidManifest.xml:11:5-14:19
MERGED from [cn.jiguang.imui:messagelist:0.7.2] AndroidManifest.xml:11:5-14:19
MERGED from [com.airbnb.android:lottie:1.5.3] AndroidManifest.xml:10:5-20
MERGED from [com.airbnb.android:lottie:1.5.3] AndroidManifest.xml:10:5-20
MERGED from [cn.jiguang.sdk:jpush:3.1.1] AndroidManifest.xml:37:5-131:19
MERGED from [cn.jiguang.sdk:jpush:3.1.1] AndroidManifest.xml:37:5-131:19
MERGED from [cn.jiguang.sdk:jmessage:2.7.0] AndroidManifest.xml:42:5-119:19
MERGED from [cn.jiguang.sdk:jmessage:2.7.0] AndroidManifest.xml:42:5-119:19
MERGED from [cn.jiguang.sdk:jcore:1.1.9] AndroidManifest.xml:11:5-12:19
MERGED from [cn.jiguang.sdk:jcore:1.1.9] AndroidManifest.xml:11:5-12:19
MERGED from [:ExtVideo] AndroidManifest.xml:11:5-15:19
MERGED from [:ExtVideo] AndroidManifest.xml:11:5-15:19
MERGED from [:livemulti] AndroidManifest.xml:11:5-15:19
MERGED from [:livemulti] AndroidManifest.xml:11:5-15:19
	android:screenOrientation
		ADDED from src\main\AndroidManifest.xml:18:9-45
	android:supportsRtl
		ADDED from src\main\AndroidManifest.xml:19:9-35
	android:label
		ADDED from src\main\AndroidManifest.xml:15:9-41
	android:hardwareAccelerated
		ADDED from src\main\AndroidManifest.xml:13:9-44
	android:layerType
		ADDED from src\main\AndroidManifest.xml:17:9-37
	android:largeHeap
		ADDED from src\main\AndroidManifest.xml:16:9-33
	android:icon
		ADDED from src\main\AndroidManifest.xml:14:9-43
	android:allowBackup
		ADDED from src\main\AndroidManifest.xml:12:9-35
	android:theme
		ADDED from src\main\AndroidManifest.xml:20:9-40
	android:name
		ADDED from src\main\AndroidManifest.xml:11:9-34
service#com.amap.api.location.APSService
ADDED from src\main\AndroidManifest.xml:26:9-76
	android:name
		ADDED from src\main\AndroidManifest.xml:26:18-65
activity#com.hamitao.kids.ui.activity.WelcomeActivity
ADDED from src\main\AndroidManifest.xml:28:9-39:20
	android:configChanges
		ADDED from src\main\AndroidManifest.xml:30:13-44
	android:name
		ADDED from src\main\AndroidManifest.xml:29:13-56
intent-filter#android.intent.action.MAIN+android.intent.category.DEFAULT+android.intent.category.HOME+android.intent.category.LAUNCHER+android.intent.category.MONKEY
ADDED from src\main\AndroidManifest.xml:31:13-38:29
action#android.intent.action.MAIN
ADDED from src\main\AndroidManifest.xml:32:17-69
	android:name
		ADDED from src\main\AndroidManifest.xml:32:25-66
category#android.intent.category.LAUNCHER
ADDED from src\main\AndroidManifest.xml:34:17-77
	android:name
		ADDED from src\main\AndroidManifest.xml:34:27-74
category#android.intent.category.MONKEY
ADDED from src\main\AndroidManifest.xml:35:17-75
	android:name
		ADDED from src\main\AndroidManifest.xml:35:27-72
category#android.intent.category.HOME
ADDED from src\main\AndroidManifest.xml:36:17-73
	android:name
		ADDED from src\main\AndroidManifest.xml:36:27-70
category#android.intent.category.DEFAULT
ADDED from src\main\AndroidManifest.xml:37:17-76
	android:name
		ADDED from src\main\AndroidManifest.xml:37:27-73
activity#com.hamitao.kids.ui.activity.MainActivity
ADDED from src\main\AndroidManifest.xml:42:9-44:47
	android:launchMode
		ADDED from src\main\AndroidManifest.xml:44:13-44
	android:name
		ADDED from src\main\AndroidManifest.xml:43:13-53
activity#com.hamitao.kids.ui.activity.WakeUpActivity
ADDED from src\main\AndroidManifest.xml:47:9-49:47
	android:launchMode
		ADDED from src\main\AndroidManifest.xml:49:13-44
	android:name
		ADDED from src\main\AndroidManifest.xml:48:13-55
activity#com.hamitao.kids.ui.activity.VideoChatP2PActivity
ADDED from src\main\AndroidManifest.xml:50:9-70
	android:name
		ADDED from src\main\AndroidManifest.xml:50:19-67
activity#com.hamitao.kids.ui.activity.WifiActivity
ADDED from src\main\AndroidManifest.xml:53:9-62
	android:name
		ADDED from src\main\AndroidManifest.xml:53:19-59
activity#com.hamitao.kids.ui.activity.FuncActivity
ADDED from src\main\AndroidManifest.xml:56:9-62
	android:name
		ADDED from src\main\AndroidManifest.xml:56:19-59
activity#com.hamitao.kids.ui.activity.FuncTwoActivity
ADDED from src\main\AndroidManifest.xml:59:9-65
	android:name
		ADDED from src\main\AndroidManifest.xml:59:19-62
activity#com.hamitao.kids.ui.activity.FuncThreeActivity
ADDED from src\main\AndroidManifest.xml:61:9-67
	android:name
		ADDED from src\main\AndroidManifest.xml:61:19-64
activity#com.hamitao.kids.ui.activity.ScanBookActivity
ADDED from src\main\AndroidManifest.xml:64:9-66
	android:name
		ADDED from src\main\AndroidManifest.xml:64:19-63
activity#com.hamitao.kids.ui.activity.ShakeActivity
ADDED from src\main\AndroidManifest.xml:67:9-63
	android:name
		ADDED from src\main\AndroidManifest.xml:67:19-60
activity#com.hamitao.kids.zxing.android.CaptureActivity
ADDED from src\main\AndroidManifest.xml:68:9-67
	android:name
		ADDED from src\main\AndroidManifest.xml:68:19-64
activity#com.hamitao.kids.ui.activity.EnglishStudyFollowMeActivity
ADDED from src\main\AndroidManifest.xml:71:9-78
	android:name
		ADDED from src\main\AndroidManifest.xml:71:19-75
activity#com.hamitao.kids.ui.activity.EnglishStudyTranslationActivity
ADDED from src\main\AndroidManifest.xml:74:9-81
	android:name
		ADDED from src\main\AndroidManifest.xml:74:19-78
activity#com.hamitao.kids.ui.activity.EnglishStudyFollowMeListActivity
ADDED from src\main\AndroidManifest.xml:77:9-82
	android:name
		ADDED from src\main\AndroidManifest.xml:77:19-79
activity#com.hamitao.kids.ui.activity.FollowMeContentActivity
ADDED from src\main\AndroidManifest.xml:79:9-73
	android:name
		ADDED from src\main\AndroidManifest.xml:79:19-70
activity#com.hamitao.kids.ui.activity.SettingActivity
ADDED from src\main\AndroidManifest.xml:82:9-65
	android:name
		ADDED from src\main\AndroidManifest.xml:82:19-62
activity#com.hamitao.kids.ui.activity.WifiConnActivity
ADDED from src\main\AndroidManifest.xml:84:9-66
	android:name
		ADDED from src\main\AndroidManifest.xml:84:19-63
activity#com.hamitao.kids.ui.activity.SystemControlActivity
ADDED from src\main\AndroidManifest.xml:86:9-71
	android:name
		ADDED from src\main\AndroidManifest.xml:86:19-68
activity#com.hamitao.kids.ui.activity.LocalInfoActivity
ADDED from src\main\AndroidManifest.xml:88:9-67
	android:name
		ADDED from src\main\AndroidManifest.xml:88:19-64
activity#com.hamitao.kids.ui.activity.UsingWizardActivity
ADDED from src\main\AndroidManifest.xml:90:9-69
	android:name
		ADDED from src\main\AndroidManifest.xml:90:19-66
activity#com.hamitao.kids.ui.activity.TimeActivity
ADDED from src\main\AndroidManifest.xml:92:9-62
	android:name
		ADDED from src\main\AndroidManifest.xml:92:19-59
activity#com.hamitao.kids.ui.activity.LocalBellsetActivity
ADDED from src\main\AndroidManifest.xml:94:9-70
	android:name
		ADDED from src\main\AndroidManifest.xml:94:19-67
activity#com.hamitao.kids.ui.activity.AlarmActivity
ADDED from src\main\AndroidManifest.xml:96:9-63
	android:name
		ADDED from src\main\AndroidManifest.xml:96:19-60
activity#com.hamitao.kids.ui.activity.NetConnActivity
ADDED from src\main\AndroidManifest.xml:98:9-65
	android:name
		ADDED from src\main\AndroidManifest.xml:98:19-62
activity#com.hamitao.kids.ui.activity.ScanConnActivity
ADDED from src\main\AndroidManifest.xml:100:9-66
	android:name
		ADDED from src\main\AndroidManifest.xml:100:19-63
activity#com.hamitao.kids.ui.activity.SessionListActivity
ADDED from src\main\AndroidManifest.xml:105:9-107:47
	android:launchMode
		ADDED from src\main\AndroidManifest.xml:107:13-44
	android:name
		ADDED from src\main\AndroidManifest.xml:106:13-60
activity#com.hamitao.kids.ui.activity.ContactActivity
ADDED from src\main\AndroidManifest.xml:110:9-65
	android:name
		ADDED from src\main\AndroidManifest.xml:110:19-62
activity#com.hamitao.kids.ui.activity.ChatActivity
ADDED from src\main\AndroidManifest.xml:113:9-62
	android:name
		ADDED from src\main\AndroidManifest.xml:113:19-59
activity#com.hamitao.kids.ui.activity.ContentTreeActivity
ADDED from src\main\AndroidManifest.xml:116:9-69
	android:name
		ADDED from src\main\AndroidManifest.xml:116:19-66
activity#com.hamitao.kids.ui.activity.ContentTreeChildrenActivity
ADDED from src\main\AndroidManifest.xml:119:9-77
	android:name
		ADDED from src\main\AndroidManifest.xml:119:19-74
activity#com.hamitao.kids.ui.activity.CameraActivity
ADDED from src\main\AndroidManifest.xml:122:9-64
	android:name
		ADDED from src\main\AndroidManifest.xml:122:19-61
activity#com.hamitao.kids.ui.activity.AlbumActivity
ADDED from src\main\AndroidManifest.xml:125:9-63
	android:name
		ADDED from src\main\AndroidManifest.xml:125:19-60
activity#com.hamitao.kids.ui.activity.AlbumViewerActivity
ADDED from src\main\AndroidManifest.xml:128:9-69
	android:name
		ADDED from src\main\AndroidManifest.xml:128:19-66
activity#com.hamitao.kids.ui.activity.PlayActivity
ADDED from src\main\AndroidManifest.xml:131:9-134:47
	android:launchMode
		ADDED from src\main\AndroidManifest.xml:134:13-44
	android:configChanges
		ADDED from src\main\AndroidManifest.xml:133:13-63
	android:name
		ADDED from src\main\AndroidManifest.xml:132:13-53
activity#com.hamitao.kids.ui.activity.ParentsAppDownloadActivity
ADDED from src\main\AndroidManifest.xml:137:9-76
	android:name
		ADDED from src\main\AndroidManifest.xml:137:19-73
activity#com.hamitao.kids.ui.activity.MachineBindingCodeActivity
ADDED from src\main\AndroidManifest.xml:138:9-76
	android:name
		ADDED from src\main\AndroidManifest.xml:138:19-73
receiver#com.hamitao.kids.receiver.PhoneReceiver
ADDED from src\main\AndroidManifest.xml:142:9-147:20
	android:name
		ADDED from src\main\AndroidManifest.xml:142:19-57
intent-filter#android.intent.action.NEW_OUTGOING_CALL+android.intent.action.PHONE_STATE
ADDED from src\main\AndroidManifest.xml:143:13-146:29
	android:priority
		ADDED from src\main\AndroidManifest.xml:143:28-51
action#android.intent.action.NEW_OUTGOING_CALL
ADDED from src\main\AndroidManifest.xml:144:17-82
	android:name
		ADDED from src\main\AndroidManifest.xml:144:25-79
action#android.intent.action.PHONE_STATE
ADDED from src\main\AndroidManifest.xml:145:17-76
	android:name
		ADDED from src\main\AndroidManifest.xml:145:25-73
receiver#com.hamitao.kids.receiver.MyReceiver
ADDED from src\main\AndroidManifest.xml:148:9-160:20
	android:enabled
		ADDED from src\main\AndroidManifest.xml:150:13-35
	android:exported
		ADDED from src\main\AndroidManifest.xml:151:13-37
	android:name
		ADDED from src\main\AndroidManifest.xml:149:13-48
intent-filter#cn.jpush.android.intent.CONNECTION+cn.jpush.android.intent.MESSAGE_RECEIVED+cn.jpush.android.intent.NOTIFICATION_OPENED+cn.jpush.android.intent.NOTIFICATION_RECEIVED+cn.jpush.android.intent.REGISTRATION+com.hamitao.haierrobot
ADDED from src\main\AndroidManifest.xml:152:13-159:29
action#cn.jpush.android.intent.REGISTRATION
ADDED from src\main\AndroidManifest.xml:153:17-79
	android:name
		ADDED from src\main\AndroidManifest.xml:153:25-76
action#cn.jpush.android.intent.MESSAGE_RECEIVED
ADDED from src\main\AndroidManifest.xml:154:17-83
	android:name
		ADDED from src\main\AndroidManifest.xml:154:25-80
action#cn.jpush.android.intent.NOTIFICATION_RECEIVED
ADDED from src\main\AndroidManifest.xml:155:17-88
	android:name
		ADDED from src\main\AndroidManifest.xml:155:25-85
action#cn.jpush.android.intent.NOTIFICATION_OPENED
ADDED from src\main\AndroidManifest.xml:156:17-86
	android:name
		ADDED from src\main\AndroidManifest.xml:156:25-83
action#cn.jpush.android.intent.CONNECTION
ADDED from src\main\AndroidManifest.xml:157:17-77
	android:name
		ADDED from src\main\AndroidManifest.xml:157:25-74
service#cn.jpush.android.service.PushService
ADDED from src\main\AndroidManifest.xml:291:9-294:44
REJECTED from [cn.jiguang.sdk:jpush:3.1.1] AndroidManifest.xml:60:9-71:19
REJECTED from [cn.jiguang.sdk:jmessage:2.7.0] AndroidManifest.xml:46:9-57:19
	tools:node
		ADDED from src\main\AndroidManifest.xml:294:13-33
	android:process
		ADDED from src\main\AndroidManifest.xml:293:13-44
	android:name
		ADDED from src\main\AndroidManifest.xml:292:13-64
uses-sdk
INJECTED from src\main\AndroidManifest.xml reason: use-sdk injection requested
INJECTED from src\main\AndroidManifest.xml
INJECTED from src\main\AndroidManifest.xml
MERGED from [com.aliyun.dpa:oss-android-sdk:2.8.5] AndroidManifest.xml:7:5-9:41
MERGED from [com.aliyun.dpa:oss-android-sdk:2.8.5] AndroidManifest.xml:7:5-9:41
MERGED from [com.android.support:multidex:1.0.2] AndroidManifest.xml:20:5-43
MERGED from [com.android.support:multidex:1.0.2] AndroidManifest.xml:20:5-43
MERGED from [:AISpeech] AndroidManifest.xml:7:5-9:41
MERGED from [:AISpeech] AndroidManifest.xml:7:5-9:41
MERGED from [:cloudminds-activationtool:] AndroidManifest.xml:7:5-9:41
MERGED from [:cloudminds-activationtool:] AndroidManifest.xml:7:5-9:41
MERGED from [:RequestFrame] AndroidManifest.xml:7:5-9:41
MERGED from [:RequestFrame] AndroidManifest.xml:7:5-9:41
MERGED from [:framework] AndroidManifest.xml:8:5-10:41
MERGED from [:framework] AndroidManifest.xml:8:5-10:41
MERGED from [com.google.android.exoplayer:exoplayer:2.7.1] AndroidManifest.xml:21:5-23:41
MERGED from [com.google.android.exoplayer:exoplayer:2.7.1] AndroidManifest.xml:21:5-23:41
MERGED from [com.zhy:okhttputils:2.6.2] AndroidManifest.xml:7:5-9:41
MERGED from [com.zhy:okhttputils:2.6.2] AndroidManifest.xml:7:5-9:41
MERGED from [:authority-release:] AndroidManifest.xml:7:5-9:41
MERGED from [:authority-release:] AndroidManifest.xml:7:5-9:41
MERGED from [:semantic-release:] AndroidManifest.xml:7:5-9:41
MERGED from [:semantic-release:] AndroidManifest.xml:7:5-9:41
MERGED from [:common-release:] AndroidManifest.xml:7:5-9:41
MERGED from [:common-release:] AndroidManifest.xml:7:5-9:41
MERGED from [:sdkhttp:] AndroidManifest.xml:7:5-9:41
MERGED from [:sdkhttp:] AndroidManifest.xml:7:5-9:41
MERGED from [com.google.android.exoplayer:exoplayer-dash:2.7.1] AndroidManifest.xml:21:5-23:41
MERGED from [com.google.android.exoplayer:exoplayer-dash:2.7.1] AndroidManifest.xml:21:5-23:41
MERGED from [com.google.android.exoplayer:exoplayer-hls:2.7.1] AndroidManifest.xml:21:5-23:41
MERGED from [com.google.android.exoplayer:exoplayer-hls:2.7.1] AndroidManifest.xml:21:5-23:41
MERGED from [com.google.android.exoplayer:exoplayer-smoothstreaming:2.7.1] AndroidManifest.xml:21:5-23:41
MERGED from [com.google.android.exoplayer:exoplayer-smoothstreaming:2.7.1] AndroidManifest.xml:21:5-23:41
MERGED from [com.google.android.exoplayer:exoplayer-ui:2.7.1] AndroidManifest.xml:21:5-23:41
MERGED from [com.google.android.exoplayer:exoplayer-ui:2.7.1] AndroidManifest.xml:21:5-23:41
MERGED from [com.google.android.exoplayer:exoplayer-core:2.7.1] AndroidManifest.xml:21:5-23:41
MERGED from [com.google.android.exoplayer:exoplayer-core:2.7.1] AndroidManifest.xml:21:5-23:41
MERGED from [com.jakewharton:butterknife:8.5.1] AndroidManifest.xml:5:5-43
MERGED from [com.jakewharton:butterknife:8.5.1] AndroidManifest.xml:5:5-43
MERGED from [cn.jiguang.imui:messagelist:0.7.2] AndroidManifest.xml:7:5-9:41
MERGED from [cn.jiguang.imui:messagelist:0.7.2] AndroidManifest.xml:7:5-9:41
MERGED from [com.android.support:design:27.1.0] AndroidManifest.xml:20:5-44
MERGED from [com.android.support:design:27.1.0] AndroidManifest.xml:20:5-44
MERGED from [com.android.support:transition:27.1.0] AndroidManifest.xml:20:5-44
MERGED from [com.android.support:transition:27.1.0] AndroidManifest.xml:20:5-44
MERGED from [com.timmy.tdialog:tdialog:1.3.1] AndroidManifest.xml:7:5-9:41
MERGED from [com.timmy.tdialog:tdialog:1.3.1] AndroidManifest.xml:7:5-9:41
MERGED from [:p2p] AndroidManifest.xml:7:5-9:41
MERGED from [:p2p] AndroidManifest.xml:7:5-9:41
MERGED from [com.android.support:recyclerview-v7:27.1.0] AndroidManifest.xml:20:5-44
MERGED from [com.android.support:recyclerview-v7:27.1.0] AndroidManifest.xml:20:5-44
MERGED from [com.airbnb.android:lottie:1.5.3] AndroidManifest.xml:6:5-8:41
MERGED from [com.airbnb.android:lottie:1.5.3] AndroidManifest.xml:6:5-8:41
MERGED from [com.android.support:appcompat-v7:27.1.0] AndroidManifest.xml:20:5-44
MERGED from [com.android.support:appcompat-v7:27.1.0] AndroidManifest.xml:20:5-44
MERGED from [cn.bingoogolapple:bga-adapter:1.1.9] AndroidManifest.xml:6:5-8:41
MERGED from [cn.bingoogolapple:bga-adapter:1.1.9] AndroidManifest.xml:6:5-8:41
MERGED from [com.android.databinding:adapters:1.3.1] AndroidManifest.xml:22:5-24:41
MERGED from [com.android.databinding:adapters:1.3.1] AndroidManifest.xml:22:5-24:41
MERGED from [com.android.databinding:library:1.3.1] AndroidManifest.xml:22:5-24:41
MERGED from [com.android.databinding:library:1.3.1] AndroidManifest.xml:22:5-24:41
MERGED from [com.android.support:support-v4:27.1.0] AndroidManifest.xml:20:5-44
MERGED from [com.android.support:support-v4:27.1.0] AndroidManifest.xml:20:5-44
MERGED from [com.android.support:support-fragment:27.1.0] AndroidManifest.xml:20:5-44
MERGED from [com.android.support:support-fragment:27.1.0] AndroidManifest.xml:20:5-44
MERGED from [com.android.support:animated-vector-drawable:27.1.0] AndroidManifest.xml:20:5-44
MERGED from [com.android.support:animated-vector-drawable:27.1.0] AndroidManifest.xml:20:5-44
MERGED from [com.android.support:support-core-ui:27.1.0] AndroidManifest.xml:20:5-44
MERGED from [com.android.support:support-core-ui:27.1.0] AndroidManifest.xml:20:5-44
MERGED from [com.android.support:support-core-utils:27.1.0] AndroidManifest.xml:20:5-44
MERGED from [com.android.support:support-core-utils:27.1.0] AndroidManifest.xml:20:5-44
MERGED from [com.android.support:support-vector-drawable:27.1.0] AndroidManifest.xml:20:5-44
MERGED from [com.android.support:support-vector-drawable:27.1.0] AndroidManifest.xml:20:5-44
MERGED from [com.android.support:support-media-compat:27.1.0] AndroidManifest.xml:20:5-44
MERGED from [com.android.support:support-media-compat:27.1.0] AndroidManifest.xml:20:5-44
MERGED from [com.android.support:support-compat:27.1.0] AndroidManifest.xml:20:5-44
MERGED from [com.android.support:support-compat:27.1.0] AndroidManifest.xml:20:5-44
MERGED from [net.zetetic:android-database-sqlcipher:3.5.4] AndroidManifest.xml:3:3-40
MERGED from [net.zetetic:android-database-sqlcipher:3.5.4] AndroidManifest.xml:3:3-40
MERGED from [io.reactivex:rxandroid:1.2.0] AndroidManifest.xml:19:5-43
MERGED from [io.reactivex:rxandroid:1.2.0] AndroidManifest.xml:19:5-43
MERGED from [pl.droidsonroids.gif:android-gif-drawable:1.2.15] AndroidManifest.xml:6:5-8:41
MERGED from [pl.droidsonroids.gif:android-gif-drawable:1.2.15] AndroidManifest.xml:6:5-8:41
MERGED from [cn.bingoogolapple:bga-swipebacklayout:1.2.0] AndroidManifest.xml:5:5-7:41
MERGED from [cn.bingoogolapple:bga-swipebacklayout:1.2.0] AndroidManifest.xml:5:5-7:41
MERGED from [cn.jiguang.sdk:jpush:3.1.1] AndroidManifest.xml:7:5-9:41
MERGED from [cn.jiguang.sdk:jpush:3.1.1] AndroidManifest.xml:7:5-9:41
MERGED from [cn.jiguang.sdk:jmessage:2.7.0] AndroidManifest.xml:7:5-9:41
MERGED from [cn.jiguang.sdk:jmessage:2.7.0] AndroidManifest.xml:7:5-9:41
MERGED from [cn.jiguang.sdk:jcore:1.1.9] AndroidManifest.xml:7:5-9:41
MERGED from [cn.jiguang.sdk:jcore:1.1.9] AndroidManifest.xml:7:5-9:41
MERGED from [:ExtVideo] AndroidManifest.xml:7:5-9:41
MERGED from [:ExtVideo] AndroidManifest.xml:7:5-9:41
MERGED from [:livemulti] AndroidManifest.xml:7:5-9:41
MERGED from [:livemulti] AndroidManifest.xml:7:5-9:41
MERGED from [android.arch.lifecycle:livedata-core:1.1.0] AndroidManifest.xml:20:5-44
MERGED from [android.arch.lifecycle:livedata-core:1.1.0] AndroidManifest.xml:20:5-44
MERGED from [android.arch.lifecycle:viewmodel:1.1.0] AndroidManifest.xml:20:5-44
MERGED from [android.arch.lifecycle:viewmodel:1.1.0] AndroidManifest.xml:20:5-44
MERGED from [android.arch.lifecycle:runtime:1.1.0] AndroidManifest.xml:20:5-44
MERGED from [android.arch.lifecycle:runtime:1.1.0] AndroidManifest.xml:20:5-44
MERGED from [android.arch.core:runtime:1.1.0] AndroidManifest.xml:20:5-44
MERGED from [android.arch.core:runtime:1.1.0] AndroidManifest.xml:20:5-44
INJECTED from src\main\AndroidManifest.xml
INJECTED from src\main\AndroidManifest.xml
	android:targetSdkVersion
		INJECTED from src\main\AndroidManifest.xml
		ADDED from src\main\AndroidManifest.xml
		INJECTED from src\main\AndroidManifest.xml
	android:minSdkVersion
		INJECTED from src\main\AndroidManifest.xml
		ADDED from src\main\AndroidManifest.xml
		INJECTED from src\main\AndroidManifest.xml
uses-permission#android.permission.INTERNET
ADDED from [com.aliyun.dpa:oss-android-sdk:2.8.5] AndroidManifest.xml:11:5-67
MERGED from [:framework] AndroidManifest.xml:12:5-67
MERGED from [:framework] AndroidManifest.xml:12:5-67
MERGED from [:authority-release:] AndroidManifest.xml:12:5-67
MERGED from [:authority-release:] AndroidManifest.xml:12:5-67
MERGED from [:semantic-release:] AndroidManifest.xml:11:5-67
MERGED from [:semantic-release:] AndroidManifest.xml:11:5-67
MERGED from [cn.jiguang.sdk:jpush:3.1.1] AndroidManifest.xml:18:5-67
MERGED from [cn.jiguang.sdk:jpush:3.1.1] AndroidManifest.xml:18:5-67
MERGED from [cn.jiguang.sdk:jmessage:2.7.0] AndroidManifest.xml:18:5-67
MERGED from [cn.jiguang.sdk:jmessage:2.7.0] AndroidManifest.xml:18:5-67
	android:name
		ADDED from [com.aliyun.dpa:oss-android-sdk:2.8.5] AndroidManifest.xml:11:22-64
uses-permission#android.permission.ACCESS_NETWORK_STATE
ADDED from [com.aliyun.dpa:oss-android-sdk:2.8.5] AndroidManifest.xml:12:5-79
MERGED from [:framework] AndroidManifest.xml:13:5-79
MERGED from [:framework] AndroidManifest.xml:13:5-79
MERGED from [:framework] AndroidManifest.xml:60:5-79
MERGED from [:framework] AndroidManifest.xml:60:5-79
MERGED from [:authority-release:] AndroidManifest.xml:13:5-79
MERGED from [:authority-release:] AndroidManifest.xml:13:5-79
MERGED from [cn.jiguang.sdk:jpush:3.1.1] AndroidManifest.xml:26:5-79
MERGED from [cn.jiguang.sdk:jpush:3.1.1] AndroidManifest.xml:26:5-79
MERGED from [cn.jiguang.sdk:jmessage:2.7.0] AndroidManifest.xml:25:5-79